<?xml version="1.0" encoding="UTF-8"?>
<testng-results ignored="0" total="1" passed="0" failed="0" skipped="1">
  <reporter-output>
  </reporter-output>
  <suite started-at="2021-04-15T10:46:25Z" name="Default suite" finished-at="2021-04-15T10:46:30Z" duration-ms="4333">
    <groups>
    </groups>
    <test started-at="2021-04-15T10:46:25Z" name="Default test" finished-at="2021-04-15T10:46:30Z" duration-ms="4333">
      <class name="test.Exo.Exo1">
        <test-method is-config="true" signature="setup()[pri:0, instance:test.Exo.Exo1@1bb266b3]" started-at="2021-04-15T10:46:25Z" name="setup" finished-at="2021-04-15T10:46:30Z" duration-ms="4297" status="FAIL">
          <exception class="org.openqa.selenium.SessionNotCreatedException">
            <message>
              <![CDATA[session not created: This version of ChromeDriver only supports Chrome version 86
Current browser version is 89.0.4389.90 with binary path C:\Program Files (x86)\Google\Chrome\Application\chrome.exe
Build info: version: '3.14.0', revision: 'aacccce0', time: '2018-08-02T20:19:58.91Z'
System info: host: 'LFR041747', ip: '10.25.228.250', os.name: 'Windows 10', os.arch: 'amd64', os.version: '10.0', java.version: '14.0.2'
Driver info: driver.version: ChromeDriver
remote stacktrace: Backtrace:
Ordinal0 [0x0047C013+3194899]
Ordinal0 [0x00366021+2056225]
Ordinal0 [0x001FF608+587272]
Ordinal0 [0x00181BF3+72691]
Ordinal0 [0x0017E229+57897]
Ordinal0 [0x0017C64A+50762]
Ordinal0 [0x001A1EE9+204521]
Ordinal0 [0x001A1D0D+204045]
Ordinal0 [0x0019FC1B+195611]
Ordinal0 [0x00183B7F+80767]
Ordinal0 [0x00184B4E+84814]
Ordinal0 [0x00184AD9+84697]
Ordinal0 [0x0037CE64+2149988]
GetHandleVerifier [0x005EBE95+1400773]
GetHandleVerifier [0x005EBB61+1399953]
GetHandleVerifier [0x005F31FA+1430314]
GetHandleVerifier [0x005EC69F+1402831]
Ordinal0 [0x00373D61+2112865]
Ordinal0 [0x0037E5CB+2155979]
Ordinal0 [0x0037E6F5+2156277]
Ordinal0 [0x0038F26E+2224750]
BaseThreadInitThunk [0x75E8FA29+25]
RtlGetAppContainerNamedObjectPath [0x77017C7E+286]
RtlGetAppContainerNamedObjectPath [0x77017C4E+238]
]]>
            </message>
            <full-stacktrace>
              <![CDATA[org.openqa.selenium.SessionNotCreatedException: session not created: This version of ChromeDriver only supports Chrome version 86
Current browser version is 89.0.4389.90 with binary path C:\Program Files (x86)\Google\Chrome\Application\chrome.exe
Build info: version: '3.14.0', revision: 'aacccce0', time: '2018-08-02T20:19:58.91Z'
System info: host: 'LFR041747', ip: '10.25.228.250', os.name: 'Windows 10', os.arch: 'amd64', os.version: '10.0', java.version: '14.0.2'
Driver info: driver.version: ChromeDriver
remote stacktrace: Backtrace:
Ordinal0 [0x0047C013+3194899]
Ordinal0 [0x00366021+2056225]
Ordinal0 [0x001FF608+587272]
Ordinal0 [0x00181BF3+72691]
Ordinal0 [0x0017E229+57897]
Ordinal0 [0x0017C64A+50762]
Ordinal0 [0x001A1EE9+204521]
Ordinal0 [0x001A1D0D+204045]
Ordinal0 [0x0019FC1B+195611]
Ordinal0 [0x00183B7F+80767]
Ordinal0 [0x00184B4E+84814]
Ordinal0 [0x00184AD9+84697]
Ordinal0 [0x0037CE64+2149988]
GetHandleVerifier [0x005EBE95+1400773]
GetHandleVerifier [0x005EBB61+1399953]
GetHandleVerifier [0x005F31FA+1430314]
GetHandleVerifier [0x005EC69F+1402831]
Ordinal0 [0x00373D61+2112865]
Ordinal0 [0x0037E5CB+2155979]
Ordinal0 [0x0037E6F5+2156277]
Ordinal0 [0x0038F26E+2224750]
BaseThreadInitThunk [0x75E8FA29+25]
RtlGetAppContainerNamedObjectPath [0x77017C7E+286]
RtlGetAppContainerNamedObjectPath [0x77017C4E+238]

at java.base/jdk.internal.reflect.NativeConstructorAccessorImpl.newInstance0(Native Method)
at java.base/jdk.internal.reflect.NativeConstructorAccessorImpl.newInstance(NativeConstructorAccessorImpl.java:62)
at java.base/jdk.internal.reflect.DelegatingConstructorAccessorImpl.newInstance(DelegatingConstructorAccessorImpl.java:45)
at java.base/java.lang.reflect.Constructor.newInstanceWithCaller(Constructor.java:500)
at java.base/java.lang.reflect.Constructor.newInstance(Constructor.java:481)
at org.openqa.selenium.remote.W3CHandshakeResponse.lambda$new$0(W3CHandshakeResponse.java:57)
at org.openqa.selenium.remote.W3CHandshakeResponse.lambda$getResponseFunction$2(W3CHandshakeResponse.java:104)
at org.openqa.selenium.remote.ProtocolHandshake.lambda$createSession$0(ProtocolHandshake.java:122)
at java.base/java.util.stream.ReferencePipeline$3$1.accept(ReferencePipeline.java:195)
at java.base/java.util.Spliterators$ArraySpliterator.tryAdvance(Spliterators.java:958)
at java.base/java.util.stream.ReferencePipeline.forEachWithCancel(ReferencePipeline.java:127)
at java.base/java.util.stream.AbstractPipeline.copyIntoWithCancel(AbstractPipeline.java:502)
at java.base/java.util.stream.AbstractPipeline.copyInto(AbstractPipeline.java:488)
at java.base/java.util.stream.AbstractPipeline.wrapAndCopyInto(AbstractPipeline.java:474)
at java.base/java.util.stream.FindOps$FindOp.evaluateSequential(FindOps.java:150)
at java.base/java.util.stream.AbstractPipeline.evaluate(AbstractPipeline.java:234)
at java.base/java.util.stream.ReferencePipeline.findFirst(ReferencePipeline.java:543)
at org.openqa.selenium.remote.ProtocolHandshake.createSession(ProtocolHandshake.java:125)
at org.openqa.selenium.remote.ProtocolHandshake.createSession(ProtocolHandshake.java:73)
at org.openqa.selenium.remote.HttpCommandExecutor.execute(HttpCommandExecutor.java:136)
at org.openqa.selenium.remote.service.DriverCommandExecutor.execute(DriverCommandExecutor.java:83)
at org.openqa.selenium.remote.RemoteWebDriver.execute(RemoteWebDriver.java:548)
at org.openqa.selenium.remote.RemoteWebDriver.startSession(RemoteWebDriver.java:212)
at org.openqa.selenium.remote.RemoteWebDriver.<init>(RemoteWebDriver.java:130)
at org.openqa.selenium.chrome.ChromeDriver.<init>(ChromeDriver.java:181)
at org.openqa.selenium.chrome.ChromeDriver.<init>(ChromeDriver.java:168)
at org.openqa.selenium.chrome.ChromeDriver.<init>(ChromeDriver.java:123)
at main.java.commun.SetupTeardown.setup(SetupTeardown.java:14)
at java.base/jdk.internal.reflect.NativeMethodAccessorImpl.invoke0(Native Method)
at java.base/jdk.internal.reflect.NativeMethodAccessorImpl.invoke(NativeMethodAccessorImpl.java:62)
at java.base/jdk.internal.reflect.DelegatingMethodAccessorImpl.invoke(DelegatingMethodAccessorImpl.java:43)
at java.base/java.lang.reflect.Method.invoke(Method.java:564)
at org.testng.internal.MethodInvocationHelper.invokeMethod(MethodInvocationHelper.java:124)
at org.testng.internal.MethodInvocationHelper.invokeMethodConsideringTimeout(MethodInvocationHelper.java:59)
at org.testng.internal.Invoker.invokeConfigurationMethod(Invoker.java:458)
at org.testng.internal.Invoker.invokeConfigurations(Invoker.java:222)
at org.testng.internal.Invoker.invokeConfigurations(Invoker.java:142)
at org.testng.TestRunner.beforeRun(TestRunner.java:529)
at org.testng.TestRunner.run(TestRunner.java:497)
at org.testng.SuiteRunner.runTest(SuiteRunner.java:455)
at org.testng.SuiteRunner.runSequentially(SuiteRunner.java:450)
at org.testng.SuiteRunner.privateRun(SuiteRunner.java:415)
at org.testng.SuiteRunner.run(SuiteRunner.java:364)
at org.testng.SuiteRunnerWorker.runSuite(SuiteRunnerWorker.java:52)
at org.testng.SuiteRunnerWorker.run(SuiteRunnerWorker.java:84)
at org.testng.TestNG.runSuitesSequentially(TestNG.java:1208)
at org.testng.TestNG.runSuitesLocally(TestNG.java:1137)
at org.testng.TestNG.runSuites(TestNG.java:1049)
at org.testng.TestNG.run(TestNG.java:1017)
at org.testng.remote.AbstractRemoteTestNG.run(AbstractRemoteTestNG.java:115)
at org.testng.remote.RemoteTestNG.initAndRun(RemoteTestNG.java:251)
at org.testng.remote.RemoteTestNG.main(RemoteTestNG.java:77)
]]>
            </full-stacktrace>
          </exception> <!-- org.openqa.selenium.SessionNotCreatedException -->
          <reporter-output>
          </reporter-output>
        </test-method> <!-- setup -->
        <test-method signature="test()[pri:0, instance:test.Exo.Exo1@1bb266b3]" started-at="2021-04-15T10:46:30Z" name="test" finished-at="2021-04-15T10:46:30Z" duration-ms="0" status="SKIP">
          <exception class="org.openqa.selenium.SessionNotCreatedException">
            <message>
              <![CDATA[session not created: This version of ChromeDriver only supports Chrome version 86
Current browser version is 89.0.4389.90 with binary path C:\Program Files (x86)\Google\Chrome\Application\chrome.exe
Build info: version: '3.14.0', revision: 'aacccce0', time: '2018-08-02T20:19:58.91Z'
System info: host: 'LFR041747', ip: '10.25.228.250', os.name: 'Windows 10', os.arch: 'amd64', os.version: '10.0', java.version: '14.0.2'
Driver info: driver.version: ChromeDriver
remote stacktrace: Backtrace:
Ordinal0 [0x0047C013+3194899]
Ordinal0 [0x00366021+2056225]
Ordinal0 [0x001FF608+587272]
Ordinal0 [0x00181BF3+72691]
Ordinal0 [0x0017E229+57897]
Ordinal0 [0x0017C64A+50762]
Ordinal0 [0x001A1EE9+204521]
Ordinal0 [0x001A1D0D+204045]
Ordinal0 [0x0019FC1B+195611]
Ordinal0 [0x00183B7F+80767]
Ordinal0 [0x00184B4E+84814]
Ordinal0 [0x00184AD9+84697]
Ordinal0 [0x0037CE64+2149988]
GetHandleVerifier [0x005EBE95+1400773]
GetHandleVerifier [0x005EBB61+1399953]
GetHandleVerifier [0x005F31FA+1430314]
GetHandleVerifier [0x005EC69F+1402831]
Ordinal0 [0x00373D61+2112865]
Ordinal0 [0x0037E5CB+2155979]
Ordinal0 [0x0037E6F5+2156277]
Ordinal0 [0x0038F26E+2224750]
BaseThreadInitThunk [0x75E8FA29+25]
RtlGetAppContainerNamedObjectPath [0x77017C7E+286]
RtlGetAppContainerNamedObjectPath [0x77017C4E+238]
]]>
            </message>
            <full-stacktrace>
              <![CDATA[org.openqa.selenium.SessionNotCreatedException: session not created: This version of ChromeDriver only supports Chrome version 86
Current browser version is 89.0.4389.90 with binary path C:\Program Files (x86)\Google\Chrome\Application\chrome.exe
Build info: version: '3.14.0', revision: 'aacccce0', time: '2018-08-02T20:19:58.91Z'
System info: host: 'LFR041747', ip: '10.25.228.250', os.name: 'Windows 10', os.arch: 'amd64', os.version: '10.0', java.version: '14.0.2'
Driver info: driver.version: ChromeDriver
remote stacktrace: Backtrace:
Ordinal0 [0x0047C013+3194899]
Ordinal0 [0x00366021+2056225]
Ordinal0 [0x001FF608+587272]
Ordinal0 [0x00181BF3+72691]
Ordinal0 [0x0017E229+57897]
Ordinal0 [0x0017C64A+50762]
Ordinal0 [0x001A1EE9+204521]
Ordinal0 [0x001A1D0D+204045]
Ordinal0 [0x0019FC1B+195611]
Ordinal0 [0x00183B7F+80767]
Ordinal0 [0x00184B4E+84814]
Ordinal0 [0x00184AD9+84697]
Ordinal0 [0x0037CE64+2149988]
GetHandleVerifier [0x005EBE95+1400773]
GetHandleVerifier [0x005EBB61+1399953]
GetHandleVerifier [0x005F31FA+1430314]
GetHandleVerifier [0x005EC69F+1402831]
Ordinal0 [0x00373D61+2112865]
Ordinal0 [0x0037E5CB+2155979]
Ordinal0 [0x0037E6F5+2156277]
Ordinal0 [0x0038F26E+2224750]
BaseThreadInitThunk [0x75E8FA29+25]
RtlGetAppContainerNamedObjectPath [0x77017C7E+286]
RtlGetAppContainerNamedObjectPath [0x77017C4E+238]

at java.base/jdk.internal.reflect.NativeConstructorAccessorImpl.newInstance0(Native Method)
at java.base/jdk.internal.reflect.NativeConstructorAccessorImpl.newInstance(NativeConstructorAccessorImpl.java:62)
at java.base/jdk.internal.reflect.DelegatingConstructorAccessorImpl.newInstance(DelegatingConstructorAccessorImpl.java:45)
at java.base/java.lang.reflect.Constructor.newInstanceWithCaller(Constructor.java:500)
at java.base/java.lang.reflect.Constructor.newInstance(Constructor.java:481)
at org.openqa.selenium.remote.W3CHandshakeResponse.lambda$new$0(W3CHandshakeResponse.java:57)
at org.openqa.selenium.remote.W3CHandshakeResponse.lambda$getResponseFunction$2(W3CHandshakeResponse.java:104)
at org.openqa.selenium.remote.ProtocolHandshake.lambda$createSession$0(ProtocolHandshake.java:122)
at java.base/java.util.stream.ReferencePipeline$3$1.accept(ReferencePipeline.java:195)
at java.base/java.util.Spliterators$ArraySpliterator.tryAdvance(Spliterators.java:958)
at java.base/java.util.stream.ReferencePipeline.forEachWithCancel(ReferencePipeline.java:127)
at java.base/java.util.stream.AbstractPipeline.copyIntoWithCancel(AbstractPipeline.java:502)
at java.base/java.util.stream.AbstractPipeline.copyInto(AbstractPipeline.java:488)
at java.base/java.util.stream.AbstractPipeline.wrapAndCopyInto(AbstractPipeline.java:474)
at java.base/java.util.stream.FindOps$FindOp.evaluateSequential(FindOps.java:150)
at java.base/java.util.stream.AbstractPipeline.evaluate(AbstractPipeline.java:234)
at java.base/java.util.stream.ReferencePipeline.findFirst(ReferencePipeline.java:543)
at org.openqa.selenium.remote.ProtocolHandshake.createSession(ProtocolHandshake.java:125)
at org.openqa.selenium.remote.ProtocolHandshake.createSession(ProtocolHandshake.java:73)
at org.openqa.selenium.remote.HttpCommandExecutor.execute(HttpCommandExecutor.java:136)
at org.openqa.selenium.remote.service.DriverCommandExecutor.execute(DriverCommandExecutor.java:83)
at org.openqa.selenium.remote.RemoteWebDriver.execute(RemoteWebDriver.java:548)
at org.openqa.selenium.remote.RemoteWebDriver.startSession(RemoteWebDriver.java:212)
at org.openqa.selenium.remote.RemoteWebDriver.<init>(RemoteWebDriver.java:130)
at org.openqa.selenium.chrome.ChromeDriver.<init>(ChromeDriver.java:181)
at org.openqa.selenium.chrome.ChromeDriver.<init>(ChromeDriver.java:168)
at org.openqa.selenium.chrome.ChromeDriver.<init>(ChromeDriver.java:123)
at main.java.commun.SetupTeardown.setup(SetupTeardown.java:14)
at java.base/jdk.internal.reflect.NativeMethodAccessorImpl.invoke0(Native Method)
at java.base/jdk.internal.reflect.NativeMethodAccessorImpl.invoke(NativeMethodAccessorImpl.java:62)
at java.base/jdk.internal.reflect.DelegatingMethodAccessorImpl.invoke(DelegatingMethodAccessorImpl.java:43)
at java.base/java.lang.reflect.Method.invoke(Method.java:564)
at org.testng.internal.MethodInvocationHelper.invokeMethod(MethodInvocationHelper.java:124)
at org.testng.internal.MethodInvocationHelper.invokeMethodConsideringTimeout(MethodInvocationHelper.java:59)
at org.testng.internal.Invoker.invokeConfigurationMethod(Invoker.java:458)
at org.testng.internal.Invoker.invokeConfigurations(Invoker.java:222)
at org.testng.internal.Invoker.invokeConfigurations(Invoker.java:142)
at org.testng.TestRunner.beforeRun(TestRunner.java:529)
at org.testng.TestRunner.run(TestRunner.java:497)
at org.testng.SuiteRunner.runTest(SuiteRunner.java:455)
at org.testng.SuiteRunner.runSequentially(SuiteRunner.java:450)
at org.testng.SuiteRunner.privateRun(SuiteRunner.java:415)
at org.testng.SuiteRunner.run(SuiteRunner.java:364)
at org.testng.SuiteRunnerWorker.runSuite(SuiteRunnerWorker.java:52)
at org.testng.SuiteRunnerWorker.run(SuiteRunnerWorker.java:84)
at org.testng.TestNG.runSuitesSequentially(TestNG.java:1208)
at org.testng.TestNG.runSuitesLocally(TestNG.java:1137)
at org.testng.TestNG.runSuites(TestNG.java:1049)
at org.testng.TestNG.run(TestNG.java:1017)
at org.testng.remote.AbstractRemoteTestNG.run(AbstractRemoteTestNG.java:115)
at org.testng.remote.RemoteTestNG.initAndRun(RemoteTestNG.java:251)
at org.testng.remote.RemoteTestNG.main(RemoteTestNG.java:77)
]]>
            </full-stacktrace>
          </exception> <!-- org.openqa.selenium.SessionNotCreatedException -->
          <reporter-output>
          </reporter-output>
        </test-method> <!-- test -->
        <test-method is-config="true" signature="teardown()[pri:0, instance:test.Exo.Exo1@1bb266b3]" started-at="2021-04-15T10:46:30Z" name="teardown" finished-at="2021-04-15T10:46:30Z" duration-ms="0" status="SKIP">
          <reporter-output>
          </reporter-output>
        </test-method> <!-- teardown -->
      </class> <!-- test.Exo.Exo1 -->
    </test> <!-- Default test -->
  </suite> <!-- Default suite -->
</testng-results>
